             -2         1.58385
          -1.75         1.57175
           -1.5         1.57074
          -1.25         1.56532
             -1          1.5403
          -0.75         1.48169
           -0.5         1.37758
          -0.25         1.21891
              0               1
           0.25        0.718912
            0.5        0.377583
           0.75      -0.0183111
              1       -0.459698
           1.25       -0.934678
            1.5        -1.42926
           1.75        -1.92825
              2        -2.41615
           2.25        -2.87817
            2.5        -3.30114
           2.75         -3.6743
