        1.58385              -2
        1.57175           -1.75
        1.57074            -1.5
        1.56532           -1.25
         1.5403              -1
        1.48169           -0.75
        1.37758            -0.5
        1.21891           -0.25
              1               0
       0.718912            0.25
       0.377583             0.5
     -0.0183111            0.75
      -0.459698               1
      -0.934678            1.25
       -1.42926             1.5
       -1.92825            1.75
       -2.41615               2
       -2.87817            2.25
       -3.30114             2.5
        -3.6743            2.75
