Microsoft (R) Macro Assembler Version 5.10                  2/24/19 21:38:08
                                                             Page     1-1


 0000				     SSTACK     SEGMENT PARA STACK  'STACK'
 0000  0040[			                DB   64 DUP('STACK___')
	   53 54 41 43 4B	
	   5F 5F 5F		
			 ]	
				
 0200				     SSTACK     ENDS
				
 0000				     DSEG          SEGMENT  PARA PUBLIC 'DATA'
 0000  41			     CA        DB      'A'
 0001  36 35			     KA        DB      '65'
 0003  53 79 6D 62 6F 6C	     TXT       DB      'Symbol "'
       20 22			
 000B  00			     C$        DB      ?
 000C  22 20 68 61 73 20	               DB      '" has code '
       63 6F 64 65 20		
 0017  00			    KCH1       DB      ?
 0018  00			    KCH2       DB      ?
 0019  0A 0D 24			               DB      10,13,'$'
 001C  53 54 41 52 54 0D	    MSG0       DB      'START',13,10,'$'
       0A 24			
 0024  45 4E 44 0D 0A 24	    MSG1       DB      'END',13,10,'$'
 002A				     DSEG          ENDS
				
				SUBTTL         MAIN PROGRAM
Microsoft (R) Macro Assembler Version 5.10                  2/24/19 21:38:08
                                                             Page     1-2
MAIN PROGRAM                                                

				PAGE
 0000				     CSEG      SEGMENT PARA PUBLIC 'CODE'
				               ASSUME CS:CSEG,DS:DSEG,SS:SSTACK
				
 0000				     BEGIN     PROC FAR
				     ; занести в стек такие начальные значения,
				 чтобы программа
				     ; могла возвратить управление MS DOS (отла
				дчику) по RET.
 0000  1E			               PUSH  DS ; поместить в стек номе
				р параграфа адреса возврата
 0001  B8 0000			               MOV  AX,0
 0004  50			               PUSH  AX
				
				     ; загрузить адрес сегмента данных DS
 0005  B8 ---- R		     M1:       MOV  AX,DSEG
 0008  8E D8			               MOV  DS,AX
				
				     ; вывод текста "НАЧАЛО РАБОТЫ"
 000A  B4 09			     M2:       MOV  AH,9
 000C  BA 001C R		               MOV  DX,OFFSET MSG0
 000F  CD 21			               INT  21H
				     ; вывод стоки "СИМВОЛ 'A' имеет код 65"
 0011  A0 0000 R		     MA:       MOV  AL,CA
 0014  A2 000B R		               MOV  C$,AL
 0017  A1 0001 R		                  MOV  AX,WORD PTR KA
 001A  A3 0017 R		                  MOV  WORD PTR KCH1,AX
 001D  B4 09			               MOV  AH,9
 001F  BA 0003 R		               MOV DX,OFFSET TXT
 0022  CD 21			               INT  21H
				
				     ; вывод стоки "СИМВОЛ 'B' имеет код 66"
 0024  FE 06 000B R		     MB:       INC  C$
 0028  FE 06 0018 R		               INC  KCH1+1
 002C  CD 21			               INT  21H
				
				     ; вывод стоки "СИМВОЛ 'C' имеет код 67"
 002E  FE 06 000B R		     MC:       INC  C$
 0032  FE 06 0018 R		               INC  KCH1+1
 0036  CD 21			               INT  21H
				
				     ; вывод текста "КОНЕЦ  РАБОТЫ"
 0038  B4 09			     M3:       MOV  AH,9
 003A  BA 0024 R		               MOV  DX,OFFSET MSG1
 003D  CD 21			               INT  21H
				
				     ; возвратить управление MS DOS (отладчику)
 003F  CB			               RET
 0040				     BEGIN     ENDP
				
 0040				     CSEG      ENDS
				               END  BEGIN
Microsoft (R) Macro Assembler Version 5.10                  2/24/19 21:38:08
                                                             Symbols-1


Segments and Groups:

                N a m e         	Length	 Align	Combine Class

CSEG . . . . . . . . . . . . . .  	0040	PARA	PUBLIC	'CODE'
DSEG . . . . . . . . . . . . . .  	002A	PARA	PUBLIC	'DATA'
SSTACK . . . . . . . . . . . . .  	0200	PARA	STACK	'STACK'

Symbols:            

                N a m e         	Type	 Value	 Attr

BEGIN  . . . . . . . . . . . . .  	F PROC	0000	CSEG	Length = 0040

C$ . . . . . . . . . . . . . . .  	L BYTE	000B	DSEG
CA . . . . . . . . . . . . . . .  	L BYTE	0000	DSEG

KA . . . . . . . . . . . . . . .  	L BYTE	0001	DSEG
KCH1 . . . . . . . . . . . . . .  	L BYTE	0017	DSEG
KCH2 . . . . . . . . . . . . . .  	L BYTE	0018	DSEG

M1 . . . . . . . . . . . . . . .  	L NEAR	0005	CSEG
M2 . . . . . . . . . . . . . . .  	L NEAR	000A	CSEG
M3 . . . . . . . . . . . . . . .  	L NEAR	0038	CSEG
MA . . . . . . . . . . . . . . .  	L NEAR	0011	CSEG
MB . . . . . . . . . . . . . . .  	L NEAR	0024	CSEG
MC . . . . . . . . . . . . . . .  	L NEAR	002E	CSEG
MSG0 . . . . . . . . . . . . . .  	L BYTE	001C	DSEG
MSG1 . . . . . . . . . . . . . .  	L BYTE	0024	DSEG

TXT  . . . . . . . . . . . . . .  	L BYTE	0003	DSEG

@CPU . . . . . . . . . . . . . .  	TEXT  0101h		
@FILENAME  . . . . . . . . . . .  	TEXT  l2		
@VERSION . . . . . . . . . . . .  	TEXT  510		


     67 Source  Lines
     67 Total   Lines
     30 Symbols

  47120 + 442829 Bytes symbol space free

      0 Warning Errors
      0 Severe  Errors
